2025-07-31 12:45:23 [scrapy.utils.log] INFO: Scrapy 2.11.1 started (bot: scraper)
2025-07-31 12:45:23 [scrapy.utils.log] INFO: Versions: lxml 4.9.3.0, libxml2 2.10.3, cssselect 1.2.0, parsel 1.8.1, w3lib 1.21.0, Twisted 23.10.0, Python 3.12.4 | packaged by Anaconda, Inc. | (main, Jun 18 2024, 15:12:24) [GCC 11.2.0], pyOpenSSL 24.0.0 (OpenSSL 3.0.15 3 Sep 2024), cryptography 42.0.5, Platform Linux-6.8.0-60-generic-x86_64-with-glibc2.35
2025-07-31 12:45:23 [scrapy.addons] INFO: Enabled addons:
[]
2025-07-31 12:45:23 [py.warnings] WARNING: /home/sarah/anaconda3/lib/python3.12/site-packages/scrapy/utils/request.py:254: ScrapyDeprecationWarning: '2.6' is a deprecated value for the 'REQUEST_FINGERPRINTER_IMPLEMENTATION' setting.

It is also the default value. In other words, it is normal to get this warning if you have not defined a value for the 'REQUEST_FINGERPRINTER_IMPLEMENTATION' setting. This is so for backward compatibility reasons, but it will change in a future version of Scrapy.

See the documentation of the 'REQUEST_FINGERPRINTER_IMPLEMENTATION' setting for information on how to handle this deprecation.
  return cls(crawler)

2025-07-31 12:45:23 [scrapy.extensions.telnet] INFO: Telnet Password: 0aef47d471dad6cd
2025-07-31 12:45:23 [scrapy.middleware] INFO: Enabled extensions:
['scrapy.extensions.corestats.CoreStats',
 'scrapy.extensions.telnet.TelnetConsole',
 'scrapy.extensions.memusage.MemoryUsage',
 'scrapy.extensions.feedexport.FeedExporter',
 'scrapy.extensions.logstats.LogStats']
2025-07-31 12:45:23 [scrapy.crawler] INFO: Overridden settings:
{'BOT_NAME': 'scraper',
 'DOWNLOAD_DELAY': 1.5,
 'HTTPCACHE_ENABLED': True,
 'LOG_FILE': 'scraping.log',
 'LOG_LEVEL': 'INFO',
 'MEMUSAGE_WARNING_MB': 512,
 'NEWSPIDER_MODULE': 'scraper.spiders',
 'REDIRECT_MAX_TIMES': 5,
 'RETRY_HTTP_CODES': [500, 502, 503, 504, 408, 429],
 'RETRY_TIMES': 3,
 'ROBOTSTXT_OBEY': True,
 'SPIDER_MODULES': ['scraper.spiders'],
 'USER_AGENT': 'Mozilla/5.0 (Windows NT 10.0; Win64; x64) AppleWebKit/537.36 '
               '(KHTML, like Gecko) Chrome/91.0.4472.124 Safari/537.36'}
2025-07-31 12:45:23 [scrapy.middleware] INFO: Enabled downloader middlewares:
['scrapy.downloadermiddlewares.retry.RetryMiddleware',
 'scrapy.downloadermiddlewares.robotstxt.RobotsTxtMiddleware',
 'scrapy.downloadermiddlewares.httpauth.HttpAuthMiddleware',
 'scrapy.downloadermiddlewares.downloadtimeout.DownloadTimeoutMiddleware',
 'scrapy.downloadermiddlewares.defaultheaders.DefaultHeadersMiddleware',
 'scrapy.downloadermiddlewares.useragent.UserAgentMiddleware',
 'scrapy.downloadermiddlewares.redirect.MetaRefreshMiddleware',
 'scrapy.downloadermiddlewares.redirect.RedirectMiddleware',
 'scrapy.downloadermiddlewares.cookies.CookiesMiddleware',
 'scrapy.downloadermiddlewares.httpproxy.HttpProxyMiddleware',
 'scrapy.downloadermiddlewares.httpcompression.HttpCompressionMiddleware',
 'scrapy.downloadermiddlewares.stats.DownloaderStats',
 'scrapy.downloadermiddlewares.httpcache.HttpCacheMiddleware']
2025-07-31 12:45:23 [scrapy.middleware] INFO: Enabled spider middlewares:
['scrapy.spidermiddlewares.httperror.HttpErrorMiddleware',
 'scrapy.spidermiddlewares.offsite.OffsiteMiddleware',
 'scrapy.spidermiddlewares.referer.RefererMiddleware',
 'scrapy.spidermiddlewares.urllength.UrlLengthMiddleware',
 'scrapy.spidermiddlewares.depth.DepthMiddleware']
2025-07-31 12:45:23 [scrapy.middleware] INFO: Enabled item pipelines:
['scraper.pipelines.ValidationPipeline',
 'scraper.pipelines.CleaningPipeline',
 'scraper.pipelines.ImagePipeline',
 'scraper.pipelines.DuplicatesPipeline']
2025-07-31 12:45:23 [scrapy.core.engine] INFO: Spider opened
2025-07-31 12:45:23 [scrapy.extensions.logstats] INFO: Crawled 0 pages (at 0 pages/min), scraped 0 items (at 0 items/min)
2025-07-31 12:45:23 [scrapy.extensions.telnet] INFO: Telnet console listening on 127.0.0.1:6023
2025-07-31 12:46:23 [scrapy.extensions.logstats] INFO: Crawled 30 pages (at 30 pages/min), scraped 3 items (at 3 items/min)
2025-07-31 12:47:10 [scrapy.core.scraper] WARNING: Dropped: Item sans nom trouvé: {'image_url': 'https://static.wikia.nocookie.net/leagueoflegends/images/9/9c/Renni_Arcane_Render.png',
 'name': '',
 'url': 'https://leagueoflegends.fandom.com/wiki/Renni'}
{'image_url': 'https://static.wikia.nocookie.net/leagueoflegends/images/9/9c/Renni_Arcane_Render.png',
 'name': '',
 'url': 'https://leagueoflegends.fandom.com/wiki/Renni'}
2025-07-31 12:47:23 [scrapy.extensions.logstats] INFO: Crawled 59 pages (at 29 pages/min), scraped 29 items (at 26 items/min)
2025-07-31 12:47:56 [scrapy.core.scraper] WARNING: Dropped: Item sans nom trouvé: {'image_url': 'https://static.wikia.nocookie.net/leagueoflegends/images/b/b6/Necrit_RuinedKing_Portrait_01.jpg',
 'name': '',
 'url': 'https://leagueoflegends.fandom.com/wiki/Necrit'}
{'image_url': 'https://static.wikia.nocookie.net/leagueoflegends/images/b/b6/Necrit_RuinedKing_Portrait_01.jpg',
 'name': '',
 'url': 'https://leagueoflegends.fandom.com/wiki/Necrit'}
2025-07-31 12:48:23 [scrapy.extensions.logstats] INFO: Crawled 95 pages (at 36 pages/min), scraped 55 items (at 26 items/min)
2025-07-31 12:49:09 [scrapy.crawler] INFO: Received SIGINT, shutting down gracefully. Send again to force 
2025-07-31 12:49:09 [scrapy.core.engine] INFO: Closing spider (shutdown)
2025-07-31 12:49:09 [scrapy.crawler] INFO: Received SIGINT twice, forcing unclean shutdown
2025-07-31 12:51:39 [scrapy.utils.log] INFO: Scrapy 2.11.1 started (bot: scraper)
2025-07-31 12:51:39 [scrapy.utils.log] INFO: Versions: lxml 4.9.3.0, libxml2 2.10.3, cssselect 1.2.0, parsel 1.8.1, w3lib 1.21.0, Twisted 23.10.0, Python 3.12.4 | packaged by Anaconda, Inc. | (main, Jun 18 2024, 15:12:24) [GCC 11.2.0], pyOpenSSL 24.0.0 (OpenSSL 3.0.15 3 Sep 2024), cryptography 42.0.5, Platform Linux-6.8.0-60-generic-x86_64-with-glibc2.35
2025-07-31 12:51:39 [scrapy.addons] INFO: Enabled addons:
[]
2025-07-31 12:51:39 [py.warnings] WARNING: /home/sarah/anaconda3/lib/python3.12/site-packages/scrapy/utils/request.py:254: ScrapyDeprecationWarning: '2.6' is a deprecated value for the 'REQUEST_FINGERPRINTER_IMPLEMENTATION' setting.

It is also the default value. In other words, it is normal to get this warning if you have not defined a value for the 'REQUEST_FINGERPRINTER_IMPLEMENTATION' setting. This is so for backward compatibility reasons, but it will change in a future version of Scrapy.

See the documentation of the 'REQUEST_FINGERPRINTER_IMPLEMENTATION' setting for information on how to handle this deprecation.
  return cls(crawler)

2025-07-31 12:51:39 [scrapy.extensions.telnet] INFO: Telnet Password: 346931cd70dfdd5b
2025-07-31 12:51:39 [scrapy.middleware] INFO: Enabled extensions:
['scrapy.extensions.corestats.CoreStats',
 'scrapy.extensions.telnet.TelnetConsole',
 'scrapy.extensions.memusage.MemoryUsage',
 'scrapy.extensions.feedexport.FeedExporter',
 'scrapy.extensions.logstats.LogStats',
 'scrapy.extensions.throttle.AutoThrottle']
2025-07-31 12:51:39 [scrapy.crawler] INFO: Overridden settings:
{'AUTOTHROTTLE_ENABLED': True,
 'AUTOTHROTTLE_MAX_DELAY': 10,
 'AUTOTHROTTLE_START_DELAY': 1,
 'AUTOTHROTTLE_TARGET_CONCURRENCY': 4.0,
 'BOT_NAME': 'scraper',
 'CONCURRENT_REQUESTS': 32,
 'CONCURRENT_REQUESTS_PER_DOMAIN': 16,
 'CONCURRENT_REQUESTS_PER_IP': 16,
 'DOWNLOAD_DELAY': 0.5,
 'DOWNLOAD_TIMEOUT': 30,
 'FEED_EXPORT_ENCODING': 'utf-8',
 'FEED_EXPORT_INDENT': 2,
 'HTTPCACHE_ENABLED': True,
 'HTTPCACHE_EXPIRATION_SECS': 86400,
 'HTTPCACHE_IGNORE_HTTP_CODES': [404, 500, 502, 503, 504],
 'LOG_FILE': 'scraping.log',
 'LOG_LEVEL': 'INFO',
 'MEMUSAGE_WARNING_MB': 512,
 'NEWSPIDER_MODULE': 'scraper.spiders',
 'REDIRECT_MAX_TIMES': 3,
 'RETRY_HTTP_CODES': [500, 502, 503, 504, 408, 429],
 'ROBOTSTXT_OBEY': True,
 'SPIDER_MODULES': ['scraper.spiders'],
 'USER_AGENT': 'Mozilla/5.0 (Windows NT 10.0; Win64; x64) AppleWebKit/537.36 '
               '(KHTML, like Gecko) Chrome/91.0.4472.124 Safari/537.36'}
2025-07-31 12:51:39 [scrapy.middleware] INFO: Enabled downloader middlewares:
['scrapy.downloadermiddlewares.retry.RetryMiddleware',
 'scrapy.downloadermiddlewares.robotstxt.RobotsTxtMiddleware',
 'scrapy.downloadermiddlewares.httpauth.HttpAuthMiddleware',
 'scrapy.downloadermiddlewares.downloadtimeout.DownloadTimeoutMiddleware',
 'scrapy.downloadermiddlewares.useragent.UserAgentMiddleware',
 'scrapy.downloadermiddlewares.redirect.MetaRefreshMiddleware',
 'scrapy.downloadermiddlewares.redirect.RedirectMiddleware',
 'scrapy.downloadermiddlewares.cookies.CookiesMiddleware',
 'scrapy.downloadermiddlewares.httpproxy.HttpProxyMiddleware',
 'scrapy.downloadermiddlewares.httpcompression.HttpCompressionMiddleware',
 'scrapy.downloadermiddlewares.stats.DownloaderStats',
 'scrapy.downloadermiddlewares.httpcache.HttpCacheMiddleware']
2025-07-31 12:51:39 [scrapy.middleware] INFO: Enabled spider middlewares:
['scrapy.spidermiddlewares.httperror.HttpErrorMiddleware',
 'scrapy.spidermiddlewares.offsite.OffsiteMiddleware',
 'scrapy.spidermiddlewares.referer.RefererMiddleware',
 'scrapy.spidermiddlewares.urllength.UrlLengthMiddleware',
 'scrapy.spidermiddlewares.depth.DepthMiddleware']
2025-07-31 12:51:39 [scrapy.middleware] INFO: Enabled item pipelines:
['scraper.pipelines.ValidationPipeline',
 'scraper.pipelines.CleaningPipeline',
 'scraper.pipelines.OptimizedImagePipeline',
 'scraper.pipelines.DuplicatesPipeline']
2025-07-31 12:51:39 [scrapy.core.engine] INFO: Spider opened
2025-07-31 12:51:39 [scrapy.extensions.logstats] INFO: Crawled 0 pages (at 0 pages/min), scraped 0 items (at 0 items/min)
2025-07-31 12:51:39 [scrapy.extensions.telnet] INFO: Telnet console listening on 127.0.0.1:6023
2025-07-31 12:51:42 [scrapy.core.scraper] WARNING: Dropped: Item incomplet trouvé: {'image_url': 'https://static.wikia.nocookie.net/leagueoflegends/images/9/9c/Renni_Arcane_Render.png',
 'name': '',
 'url': 'https://leagueoflegends.fandom.com/wiki/Renni'}
{'image_url': 'https://static.wikia.nocookie.net/leagueoflegends/images/9/9c/Renni_Arcane_Render.png',
 'name': '',
 'url': 'https://leagueoflegends.fandom.com/wiki/Renni'}
2025-07-31 12:51:44 [scrapy.core.scraper] WARNING: Dropped: Item incomplet trouvé: {'image_url': 'https://static.wikia.nocookie.net/leagueoflegends/images/b/b6/Necrit_RuinedKing_Portrait_01.jpg',
 'name': '',
 'url': 'https://leagueoflegends.fandom.com/wiki/Necrit'}
{'image_url': 'https://static.wikia.nocookie.net/leagueoflegends/images/b/b6/Necrit_RuinedKing_Portrait_01.jpg',
 'name': '',
 'url': 'https://leagueoflegends.fandom.com/wiki/Necrit'}
2025-07-31 12:52:30 [scrapy.spidermiddlewares.httperror] INFO: Ignoring response <404 https://leagueoflegends.fandom.com/wiki/Category:Characters_in_Song_of_Nunu>: HTTP status code is not handled or not allowed
2025-07-31 12:52:36 [scrapy.spidermiddlewares.httperror] INFO: Ignoring response <404 https://leagueoflegends.fandom.com/wiki/Category:Character_articles_with_audio_files>: HTTP status code is not handled or not allowed
2025-07-31 12:52:39 [scrapy.extensions.logstats] INFO: Crawled 200 pages (at 200 pages/min), scraped 136 items (at 136 items/min)
2025-07-31 12:52:39 [scrapy.extensions.memusage] WARNING: Memory usage reached 512MiB
2025-07-31 12:52:59 [scrapy.core.engine] INFO: Closing spider (finished)
2025-07-31 12:52:59 [scrapy.extensions.feedexport] INFO: Stored json feed (163 items) in: ../data/characters.json
2025-07-31 12:52:59 [scrapy.statscollectors] INFO: Dumping Scrapy stats:
{'downloader/exception_count': 2,
 'downloader/exception_type_count/scrapy.exceptions.IgnoreRequest': 2,
 'downloader/request_bytes': 114754,
 'downloader/request_count': 232,
 'downloader/request_method_count/GET': 232,
 'downloader/response_bytes': 17259593,
 'downloader/response_count': 232,
 'downloader/response_status_count/200': 225,
 'downloader/response_status_count/301': 5,
 'downloader/response_status_count/404': 2,
 'dupefilter/filtered': 1,
 'elapsed_time_seconds': 80.272065,
 'feedexport/success_count/FileFeedStorage': 1,
 'finish_reason': 'finished',
 'finish_time': datetime.datetime(2025, 7, 31, 10, 52, 59, 857555, tzinfo=datetime.timezone.utc),
 'httpcache/firsthand': 107,
 'httpcache/hit': 125,
 'httpcache/miss': 107,
 'httpcache/store': 105,
 'httpcache/uncacheable': 2,
 'httpcompression/response_bytes': 217565635,
 'httpcompression/response_count': 227,
 'httperror/response_ignored_count': 2,
 'httperror/response_ignored_status_count/404': 2,
 'item_dropped_count': 2,
 'item_dropped_reasons_count/DropItem': 2,
 'item_scraped_count': 163,
 'log_count/INFO': 14,
 'log_count/WARNING': 4,
 'memusage/max': 650768384,
 'memusage/startup': 70664192,
 'memusage/warning_reached': 1,
 'request_depth_max': 3,
 'response_received_count': 227,
 'robotstxt/forbidden': 2,
 'robotstxt/request_count': 1,
 'robotstxt/response_count': 1,
 'robotstxt/response_status_count/200': 1,
 'scheduler/dequeued': 233,
 'scheduler/dequeued/memory': 233,
 'scheduler/enqueued': 233,
 'scheduler/enqueued/memory': 233,
 'start_time': datetime.datetime(2025, 7, 31, 10, 51, 39, 585490, tzinfo=datetime.timezone.utc)}
2025-07-31 12:52:59 [scrapy.core.engine] INFO: Spider closed (finished)
